<?xml version="1.0" encoding="UTF-8"?>
<!-- Generated by org.testng.reporters.JUnitXMLReporter -->
<testsuite hostname="Monojit-PC" ignored="0" name="Test" tests="1" failures="1" timestamp="18 Feb 2018 07:41:46 GMT" time="0.015" errors="0">
  <testcase name="f" time="0.0" classname="Testng.Parameter">
    <failure type="org.testng.TestNGException" message="
Parameter &amp;apos;name&amp;apos; is required by @Test on method f but has not been marked @Optional or defined
in C:\Users\Monojit\workspace\Project1\src\TestNg.xml">
      <![CDATA[org.testng.TestNGException: 
Parameter 'name' is required by @Test on method f but has not been marked @Optional or defined
in C:\Users\Monojit\workspace\Project1\src\TestNg.xml
... Removed 23 stack frames]]>
    </failure>
  </testcase> <!-- f -->
</testsuite> <!-- Test -->
